2024-02-14 10:34:15,413 : ERROR : main :  : NodeSettingsToJsonFormsSettings : Column Filter : 4:2 : Failed to load settings ('Config for key "column-filter" not found.'). New settings are created for the dialog.
org.knime.core.node.InvalidSettingsException: Config for key "column-filter" not found.
	at org.knime.core.node.config.Config.getConfig(Config.java:516)
	at org.knime.core.node.NodeSettings.getNodeSettings(NodeSettings.java:141)
	at org.knime.core.node.NodeSettings.getNodeSettings(NodeSettings.java:1)
	at java.base/jdk.internal.reflect.NativeMethodAccessorImpl.invoke0(Native Method)
	at java.base/jdk.internal.reflect.NativeMethodAccessorImpl.invoke(Unknown Source)
	at java.base/jdk.internal.reflect.DelegatingMethodAccessorImpl.invoke(Unknown Source)
	at java.base/java.lang.reflect.Method.invoke(Unknown Source)
	at org.knime.core.webui.node.dialog.NodeAndVariableSettingsProxy.lambda$1(NodeAndVariableSettingsProxy.java:94)
	at org.knime.core.webui.node.dialog.$Proxy71.getNodeSettings(Unknown Source)
	at org.knime.core.webui.node.dialog.defaultdialog.setting.columnfilter.LegacyColumnFilterPersistor.load(LegacyColumnFilterPersistor.java:129)
	at org.knime.core.webui.node.dialog.defaultdialog.setting.columnfilter.LegacyColumnFilterPersistor.load(LegacyColumnFilterPersistor.java:289)
	at org.knime.core.webui.node.dialog.defaultdialog.setting.columnfilter.LegacyColumnFilterPersistor.load(LegacyColumnFilterPersistor.java:1)
	at org.knime.core.webui.node.dialog.defaultdialog.persistence.field.FieldBasedNodeSettingsPersistor.lambda$2(FieldBasedNodeSettingsPersistor.java:113)
	at org.knime.core.webui.node.dialog.defaultdialog.persistence.field.FieldBasedNodeSettingsPersistor.useBlackMagicToAccessFields(FieldBasedNodeSettingsPersistor.java:124)
	at org.knime.core.webui.node.dialog.defaultdialog.persistence.field.FieldBasedNodeSettingsPersistor.load(FieldBasedNodeSettingsPersistor.java:113)
	at org.knime.core.webui.node.dialog.defaultdialog.persistence.field.FieldBasedNodeSettingsPersistor.load(FieldBasedNodeSettingsPersistor.java:1)
	at org.knime.core.webui.node.dialog.defaultdialog.DefaultNodeSettings.loadSettings(DefaultNodeSettings.java:370)
	at org.knime.core.webui.node.dialog.defaultdialog.settingsconversion.NodeSettingsToJsonFormsSettings.fromNodeSettingsToDefaultNodeSettings(NodeSettingsToJsonFormsSettings.java:131)
	at org.knime.core.webui.node.dialog.defaultdialog.settingsconversion.NodeSettingsToJsonFormsSettings.fromNodeSettingsToDefaultNodeSettingsOrDefault(NodeSettingsToJsonFormsSettings.java:137)
	at org.knime.core.webui.node.dialog.defaultdialog.settingsconversion.NodeSettingsToJsonFormsSettings$GetSettings.getDefaultNodeSettingsUnchecked(NodeSettingsToJsonFormsSettings.java:156)
	at org.knime.core.webui.node.dialog.defaultdialog.settingsconversion.NodeSettingsToJsonFormsSettings.allNodeSettingsToJsonFormsSettings(NodeSettingsToJsonFormsSettings.java:124)
	at org.knime.core.webui.node.dialog.defaultdialog.settingsconversion.NodeSettingsToJsonFormsSettings.nodeSettingsToJsonFormsSettingsOrDefault(NodeSettingsToJsonFormsSettings.java:115)
	at org.knime.core.webui.node.dialog.defaultdialog.DefaultNodeSettingsService.fromNodeSettings(DefaultNodeSettingsService.java:117)
	at org.knime.core.webui.node.dialog.InitialData.get(InitialData.java:97)
	at org.knime.core.webui.data.InitialDataService.getInitialData(InitialDataService.java:115)
	at org.knime.core.webui.node.DataServiceManager.callInitialDataService(DataServiceManager.java:137)
	at org.knime.gateway.api.entity.NodeUIExtensionEnt.<init>(NodeUIExtensionEnt.java:118)
	at org.knime.gateway.api.entity.NodeUIExtensionEnt.<init>(NodeUIExtensionEnt.java:88)
	at org.knime.gateway.api.entity.NodeDialogEnt.<init>(NodeDialogEnt.java:74)
	at org.knime.js.cef.pagebuilder.PageBuilderUtil$NodeUIExtensionEnts.<init>(PageBuilderUtil.java:328)
	at org.knime.js.cef.pagebuilder.PageBuilderUtil.initializePageBuilderForView(PageBuilderUtil.java:117)
	at org.knime.js.cef.nodeview.CEFNodeView.lambda$6(CEFNodeView.java:389)
	at org.knime.js.cef.nodeview.CEFNodeView$3.completed(CEFNodeView.java:403)
	at com.equo.chromium.swt.internal.Chromium.lambda$10(Chromium.java:861)
	at org.eclipse.swt.widgets.RunnableLock.run(RunnableLock.java:40)
	at org.eclipse.swt.widgets.Synchronizer.runAsyncMessages(Synchronizer.java:132)
	at org.eclipse.swt.widgets.Display.runAsyncMessages(Display.java:4368)
	at org.eclipse.swt.widgets.Display.readAndDispatch(Display.java:3991)
	at org.knime.js.cef.nodeview.CEFNodeView.blockUntilDisposed(CEFNodeView.java:442)
	at org.knime.js.cef.nodeview.CEFNodeView.callOpenView(CEFNodeView.java:331)
	at org.knime.core.node.AbstractNodeView.openView(AbstractNodeView.java:197)
	at org.knime.core.node.Node.invokeOpenView(Node.java:2739)
	at org.knime.workbench.editor2.actions.OpenNodeViewAction.openNodeView(OpenNodeViewAction.java:146)
	at org.knime.workbench.editor2.editparts.NodeContainerEditPart.openNodeDialog(NodeContainerEditPart.java:862)
	at org.knime.ui.java.api.NodeAPI.openNodeDialog(NodeAPI.java:97)
	at java.base/jdk.internal.reflect.NativeMethodAccessorImpl.invoke0(Native Method)
	at java.base/jdk.internal.reflect.NativeMethodAccessorImpl.invoke(Unknown Source)
	at java.base/jdk.internal.reflect.DelegatingMethodAccessorImpl.invoke(Unknown Source)
	at java.base/java.lang.reflect.Method.invoke(Unknown Source)
	at org.knime.ui.java.api.DesktopAPI.invokeMethod(DesktopAPI.java:167)
	at org.knime.ui.java.api.DesktopAPI.lambda$1(DesktopAPI.java:138)
	at org.eclipse.swt.widgets.RunnableLock.run(RunnableLock.java:40)
	at org.eclipse.swt.widgets.Synchronizer.runAsyncMessages(Synchronizer.java:132)
	at org.eclipse.swt.widgets.Display.runAsyncMessages(Display.java:4368)
	at org.eclipse.swt.widgets.Display.readAndDispatch(Display.java:3991)
	at org.eclipse.e4.ui.internal.workbench.swt.PartRenderingEngine$5.run(PartRenderingEngine.java:1155)
	at org.eclipse.core.databinding.observable.Realm.runWithDefault(Realm.java:338)
	at org.eclipse.e4.ui.internal.workbench.swt.PartRenderingEngine.run(PartRenderingEngine.java:1046)
	at org.eclipse.e4.ui.internal.workbench.E4Workbench.createAndRunUI(E4Workbench.java:155)
	at org.eclipse.ui.internal.Workbench.lambda$3(Workbench.java:643)
	at org.eclipse.core.databinding.observable.Realm.runWithDefault(Realm.java:338)
	at org.eclipse.ui.internal.Workbench.createAndRunWorkbench(Workbench.java:550)
	at org.eclipse.ui.PlatformUI.createAndRunWorkbench(PlatformUI.java:171)
	at org.knime.product.rcp.KNIMEApplication.start(KNIMEApplication.java:204)
	at org.eclipse.equinox.internal.app.EclipseAppHandle.run(EclipseAppHandle.java:203)
	at org.eclipse.core.runtime.internal.adaptor.EclipseAppLauncher.runApplication(EclipseAppLauncher.java:136)
	at org.eclipse.core.runtime.internal.adaptor.EclipseAppLauncher.start(EclipseAppLauncher.java:104)
	at org.eclipse.core.runtime.adaptor.EclipseStarter.run(EclipseStarter.java:402)
	at org.eclipse.core.runtime.adaptor.EclipseStarter.run(EclipseStarter.java:255)
	at java.base/jdk.internal.reflect.NativeMethodAccessorImpl.invoke0(Native Method)
	at java.base/jdk.internal.reflect.NativeMethodAccessorImpl.invoke(Unknown Source)
	at java.base/jdk.internal.reflect.DelegatingMethodAccessorImpl.invoke(Unknown Source)
	at java.base/java.lang.reflect.Method.invoke(Unknown Source)
	at org.eclipse.equinox.launcher.Main.invokeFramework(Main.java:659)
	at org.eclipse.equinox.launcher.Main.basicRun(Main.java:596)
	at org.eclipse.equinox.launcher.Main.run(Main.java:1467)
2024-02-14 10:34:52,614 : WARN  : comm-pool-thread-4 :  : Node : Excel Reader : 4:3 : Please specify a file
